<?xml version="1.0" encoding="UTF-8"?>
<testng-results skipped="0" failed="0" ignored="0" total="3" passed="3">
  <reporter-output>
  </reporter-output>
  <suite name="QaTest" duration-ms="32794" started-at="2022-09-21T17:12:01 EEST" finished-at="2022-09-21T17:12:34 EEST">
    <groups>
    </groups>
    <test name="KeysTests" duration-ms="21575" started-at="2022-09-21T17:12:01 EEST" finished-at="2022-09-21T17:12:23 EEST">
      <class name="keys.KeysTests">
        <test-method status="PASS" signature="setUp()[pri:0, instance:keys.KeysTests@3234e239]" name="setUp" is-config="true" duration-ms="15143" started-at="2022-09-21T17:12:01 EEST" finished-at="2022-09-21T17:12:16 EEST">
          <reporter-output>
          </reporter-output>
        </test-method> <!-- setUp -->
        <test-method status="PASS" signature="testBackspace()[pri:0, instance:keys.KeysTests@3234e239]" name="testBackspace" duration-ms="2256" started-at="2022-09-21T17:12:16 EEST" finished-at="2022-09-21T17:12:19 EEST">
          <reporter-output>
          </reporter-output>
        </test-method> <!-- testBackspace -->
        <test-method status="PASS" signature="testPi()[pri:0, instance:keys.KeysTests@3234e239]" name="testPi" duration-ms="146" started-at="2022-09-21T17:12:19 EEST" finished-at="2022-09-21T17:12:19 EEST">
          <reporter-output>
          </reporter-output>
        </test-method> <!-- testPi -->
        <test-method status="PASS" signature="tearDown()[pri:0, instance:keys.KeysTests@3234e239]" name="tearDown" is-config="true" duration-ms="3927" started-at="2022-09-21T17:12:19 EEST" finished-at="2022-09-21T17:12:23 EEST">
          <reporter-output>
          </reporter-output>
        </test-method> <!-- tearDown -->
      </class> <!-- keys.KeysTests -->
    </test> <!-- KeysTests -->
    <test name="SliderTests" duration-ms="10962" started-at="2022-09-21T17:12:23 EEST" finished-at="2022-09-21T17:12:34 EEST">
      <class name="slider.SliderTests">
        <test-method status="PASS" signature="setUp()[pri:0, instance:slider.SliderTests@63440df3]" name="setUp" is-config="true" duration-ms="7546" started-at="2022-09-21T17:12:23 EEST" finished-at="2022-09-21T17:12:31 EEST">
          <reporter-output>
          </reporter-output>
        </test-method> <!-- setUp -->
        <test-method status="PASS" signature="testSlideToWholeNumber()[pri:0, instance:slider.SliderTests@63440df3]" name="testSlideToWholeNumber" duration-ms="2292" started-at="2022-09-21T17:12:31 EEST" finished-at="2022-09-21T17:12:33 EEST">
          <reporter-output>
          </reporter-output>
        </test-method> <!-- testSlideToWholeNumber -->
        <test-method status="PASS" signature="tearDown()[pri:0, instance:slider.SliderTests@63440df3]" name="tearDown" is-config="true" duration-ms="1123" started-at="2022-09-21T17:12:33 EEST" finished-at="2022-09-21T17:12:34 EEST">
          <reporter-output>
          </reporter-output>
        </test-method> <!-- tearDown -->
      </class> <!-- slider.SliderTests -->
    </test> <!-- SliderTests -->
  </suite> <!-- QaTest -->
</testng-results>
